{"C:\\Users\\THINKPAD-I5 Pro EVO\\Desktop\\Software developtment\\React\\src\\App.tsx": {"path":"C:\\Users\\THINKPAD-I5 Pro EVO\\Desktop\\Software developtment\\React\\src\\App.tsx","statementMap":{"0":{"start":{"line":1,"column":0},"end":{"line":1,"column":64}},"1":{"start":{"line":2,"column":0},"end":{"line":2,"column":49}},"2":{"start":{"line":3,"column":0},"end":{"line":3,"column":46}},"3":{"start":{"line":4,"column":0},"end":{"line":4,"column":46}},"4":{"start":{"line":7,"column":2},"end":{"line":16,"column":4}},"5":{"start":{"line":6,"column":0},"end":{"line":6,"column":24}}},"fnMap":{"0":{"name":"App","decl":{"start":{"line":6,"column":24},"end":{"line":6,"column":27}},"loc":{"start":{"line":6,"column":27},"end":{"line":17,"column":1}}}},"branchMap":{},"s":{"0":1,"1":1,"2":1,"3":1,"4":1,"5":1},"f":{"0":1},"b":{}}
,"C:\\Users\\THINKPAD-I5 Pro EVO\\Desktop\\Software developtment\\React\\src\\main.tsx": {"path":"C:\\Users\\THINKPAD-I5 Pro EVO\\Desktop\\Software developtment\\React\\src\\main.tsx","statementMap":{"0":{"start":{"line":1,"column":0},"end":{"line":1,"column":26}},"1":{"start":{"line":2,"column":0},"end":{"line":2,"column":40}},"2":{"start":{"line":3,"column":0},"end":{"line":3,"column":64}},"3":{"start":{"line":4,"column":0},"end":{"line":4,"column":24}},"4":{"start":{"line":5,"column":0},"end":{"line":5,"column":75}},"5":{"start":{"line":6,"column":0},"end":{"line":6,"column":72}},"6":{"start":{"line":8,"column":0},"end":{"line":16,"column":2}}},"fnMap":{},"branchMap":{},"s":{"0":0,"1":0,"2":0,"3":0,"4":0,"5":0,"6":0},"f":{},"b":{}}
,"C:\\Users\\THINKPAD-I5 Pro EVO\\Desktop\\Software developtment\\React\\src\\pages\\Details\\Details.tsx": {"path":"C:\\Users\\THINKPAD-I5 Pro EVO\\Desktop\\Software developtment\\React\\src\\pages\\Details\\Details.tsx","statementMap":{"0":{"start":{"line":1,"column":0},"end":{"line":1,"column":44}},"1":{"start":{"line":2,"column":0},"end":{"line":2,"column":64}},"2":{"start":{"line":3,"column":0},"end":{"line":3,"column":61}},"3":{"start":{"line":4,"column":0},"end":{"line":4,"column":61}},"4":{"start":{"line":5,"column":0},"end":{"line":5,"column":23}},"5":{"start":{"line":8,"column":40},"end":{"line":8,"column":71}},"6":{"start":{"line":9,"column":50},"end":{"line":9,"column":65}},"7":{"start":{"line":10,"column":17},"end":{"line":10,"column":44}},"8":{"start":{"line":12,"column":22},"end":{"line":17,"column":3}},"9":{"start":{"line":13,"column":4},"end":{"line":13,"column":30}},"10":{"start":{"line":14,"column":17},"end":{"line":14,"column":41}},"11":{"start":{"line":15,"column":4},"end":{"line":15,"column":25}},"12":{"start":{"line":16,"column":4},"end":{"line":16,"column":31}},"13":{"start":{"line":19,"column":2},"end":{"line":21,"column":11}},"14":{"start":{"line":20,"column":4},"end":{"line":20,"column":28}},"15":{"start":{"line":23,"column":2},"end":{"line":65,"column":4}},"16":{"start":{"line":7,"column":0},"end":{"line":7,"column":24}}},"fnMap":{"0":{"name":"Details","decl":{"start":{"line":7,"column":24},"end":{"line":7,"column":31}},"loc":{"start":{"line":7,"column":31},"end":{"line":66,"column":1}}},"1":{"name":"(anonymous_1)","decl":{"start":{"line":12,"column":22},"end":{"line":12,"column":27}},"loc":{"start":{"line":12,"column":43},"end":{"line":17,"column":3}}},"2":{"name":"(anonymous_2)","decl":{"start":{"line":19,"column":12},"end":{"line":19,"column":15}},"loc":{"start":{"line":19,"column":17},"end":{"line":21,"column":3}}}},"branchMap":{"0":{"loc":{"start":{"line":25,"column":7},"end":{"line":62,"column":null}},"type":"cond-expr","locations":[{"start":{"line":26,"column":8},"end":{"line":26,"column":29}},{"start":{"line":28,"column":8},"end":{"line":61,"column":null}}]},"1":{"loc":{"start":{"line":36,"column":13},"end":{"line":59,"column":null}},"type":"binary-expr","locations":[{"start":{"line":36,"column":13},"end":{"line":36,"column":24}},{"start":{"line":37,"column":14},"end":{"line":58,"column":null}}]}},"s":{"0":2,"1":2,"2":2,"3":2,"4":2,"5":9,"6":9,"7":9,"8":9,"9":3,"10":3,"11":3,"12":3,"13":9,"14":3,"15":9,"16":2},"f":{"0":9,"1":3,"2":3},"b":{"0":[3,6],"1":[6,3]}}
,"C:\\Users\\THINKPAD-I5 Pro EVO\\Desktop\\Software developtment\\React\\src\\pages\\HomePage\\HomePage.tsx": {"path":"C:\\Users\\THINKPAD-I5 Pro EVO\\Desktop\\Software developtment\\React\\src\\pages\\HomePage\\HomePage.tsx","statementMap":{"0":{"start":{"line":1,"column":0},"end":{"line":1,"column":51}},"1":{"start":{"line":2,"column":0},"end":{"line":2,"column":59}},"2":{"start":{"line":4,"column":0},"end":{"line":4,"column":49}},"3":{"start":{"line":5,"column":0},"end":{"line":5,"column":54}},"4":{"start":{"line":6,"column":0},"end":{"line":6,"column":70}},"5":{"start":{"line":7,"column":0},"end":{"line":7,"column":79}},"6":{"start":{"line":8,"column":0},"end":{"line":8,"column":58}},"7":{"start":{"line":9,"column":0},"end":{"line":9,"column":58}},"8":{"start":{"line":10,"column":0},"end":{"line":10,"column":72}},"9":{"start":{"line":12,"column":0},"end":{"line":12,"column":24}},"10":{"start":{"line":15,"column":36},"end":{"line":15,"column":48}},"11":{"start":{"line":16,"column":44},"end":{"line":16,"column":68}},"12":{"start":{"line":17,"column":34},"end":{"line":17,"column":49}},"13":{"start":{"line":18,"column":38},"end":{"line":18,"column":50}},"14":{"start":{"line":19,"column":40},"end":{"line":19,"column":51}},"15":{"start":{"line":20,"column":42},"end":{"line":20,"column":54}},"16":{"start":{"line":21,"column":38},"end":{"line":22,"column":null}},"17":{"start":{"line":24,"column":42},"end":{"line":24,"column":59}},"18":{"start":{"line":26,"column":23},"end":{"line":32,"column":3}},"19":{"start":{"line":27,"column":4},"end":{"line":27,"column":23}},"20":{"start":{"line":28,"column":17},"end":{"line":28,"column":35}},"21":{"start":{"line":29,"column":4},"end":{"line":29,"column":31}},"22":{"start":{"line":30,"column":4},"end":{"line":30,"column":37}},"23":{"start":{"line":31,"column":4},"end":{"line":31,"column":22}},"24":{"start":{"line":34,"column":18},"end":{"line":55,"column":3}},"25":{"start":{"line":35,"column":14},"end":{"line":35,"column":22}},"26":{"start":{"line":36,"column":4},"end":{"line":36,"column":34}},"27":{"start":{"line":37,"column":17},"end":{"line":37,"column":42}},"28":{"start":{"line":39,"column":4},"end":{"line":52,"column":null}},"29":{"start":{"line":40,"column":6},"end":{"line":40,"column":73}},"30":{"start":{"line":41,"column":6},"end":{"line":45,"column":9}},"31":{"start":{"line":47,"column":6},"end":{"line":47,"column":55}},"32":{"start":{"line":48,"column":6},"end":{"line":51,"column":9}},"33":{"start":{"line":54,"column":4},"end":{"line":54,"column":22}},"34":{"start":{"line":57,"column":27},"end":{"line":61,"column":3}},"35":{"start":{"line":58,"column":4},"end":{"line":60,"column":null}},"36":{"start":{"line":59,"column":6},"end":{"line":59,"column":24}},"37":{"start":{"line":63,"column":2},"end":{"line":66,"column":21}},"38":{"start":{"line":64,"column":4},"end":{"line":64,"column":23}},"39":{"start":{"line":65,"column":4},"end":{"line":65,"column":50}},"40":{"start":{"line":68,"column":2},"end":{"line":70,"column":34}},"41":{"start":{"line":69,"column":4},"end":{"line":69,"column":50}},"42":{"start":{"line":72,"column":2},"end":{"line":75,"column":33}},"43":{"start":{"line":73,"column":23},"end":{"line":73,"column":59}},"44":{"start":{"line":74,"column":4},"end":{"line":74,"column":30}},"45":{"start":{"line":77,"column":31},"end":{"line":93,"column":4}},"46":{"start":{"line":95,"column":2},"end":{"line":112,"column":4}},"47":{"start":{"line":14,"column":0},"end":{"line":14,"column":24}}},"fnMap":{"0":{"name":"HomePage","decl":{"start":{"line":14,"column":24},"end":{"line":14,"column":32}},"loc":{"start":{"line":14,"column":32},"end":{"line":113,"column":1}}},"1":{"name":"(anonymous_8)","decl":{"start":{"line":26,"column":23},"end":{"line":26,"column":28}},"loc":{"start":{"line":26,"column":45},"end":{"line":32,"column":3}}},"2":{"name":"(anonymous_9)","decl":{"start":{"line":34,"column":18},"end":{"line":34,"column":19}},"loc":{"start":{"line":34,"column":70},"end":{"line":55,"column":3}}},"3":{"name":"(anonymous_10)","decl":{"start":{"line":57,"column":27},"end":{"line":57,"column":30}},"loc":{"start":{"line":57,"column":32},"end":{"line":61,"column":3}}},"4":{"name":"(anonymous_11)","decl":{"start":{"line":63,"column":12},"end":{"line":63,"column":15}},"loc":{"start":{"line":63,"column":17},"end":{"line":66,"column":3}}},"5":{"name":"(anonymous_12)","decl":{"start":{"line":68,"column":12},"end":{"line":68,"column":15}},"loc":{"start":{"line":68,"column":17},"end":{"line":70,"column":3}}},"6":{"name":"(anonymous_13)","decl":{"start":{"line":72,"column":12},"end":{"line":72,"column":15}},"loc":{"start":{"line":72,"column":17},"end":{"line":75,"column":3}}}},"branchMap":{"0":{"loc":{"start":{"line":34,"column":19},"end":{"line":34,"column":27}},"type":"default-arg","locations":[{"start":{"line":34,"column":26},"end":{"line":34,"column":27}}]},"1":{"loc":{"start":{"line":37,"column":31},"end":{"line":37,"column":41}},"type":"binary-expr","locations":[{"start":{"line":37,"column":31},"end":{"line":37,"column":36}},{"start":{"line":37,"column":40},"end":{"line":37,"column":41}}]},"2":{"loc":{"start":{"line":39,"column":4},"end":{"line":52,"column":null}},"type":"if","locations":[{"start":{"line":39,"column":4},"end":{"line":52,"column":null}},{"start":{"line":46,"column":11},"end":{"line":52,"column":null}}]},"3":{"loc":{"start":{"line":58,"column":4},"end":{"line":60,"column":null}},"type":"if","locations":[{"start":{"line":58,"column":4},"end":{"line":60,"column":null}}]},"4":{"loc":{"start":{"line":99,"column":9},"end":{"line":108,"column":null}},"type":"cond-expr","locations":[{"start":{"line":100,"column":10},"end":{"line":105,"column":null}},{"start":{"line":108,"column":10},"end":{"line":108,"column":20}}]}},"s":{"0":1,"1":1,"2":1,"3":1,"4":1,"5":1,"6":1,"7":1,"8":1,"9":1,"10":0,"11":0,"12":0,"13":0,"14":0,"15":0,"16":0,"17":0,"18":0,"19":0,"20":0,"21":0,"22":0,"23":0,"24":0,"25":0,"26":0,"27":0,"28":0,"29":0,"30":0,"31":0,"32":0,"33":0,"34":0,"35":0,"36":0,"37":0,"38":0,"39":0,"40":0,"41":0,"42":0,"43":0,"44":0,"45":0,"46":0,"47":1},"f":{"0":0,"1":0,"2":0,"3":0,"4":0,"5":0,"6":0},"b":{"0":[0],"1":[0,0],"2":[0,0],"3":[0],"4":[0,0]}}
,"C:\\Users\\THINKPAD-I5 Pro EVO\\Desktop\\Software developtment\\React\\src\\pages\\Page404\\Page404.tsx": {"path":"C:\\Users\\THINKPAD-I5 Pro EVO\\Desktop\\Software developtment\\React\\src\\pages\\Page404\\Page404.tsx","statementMap":{"0":{"start":{"line":1,"column":0},"end":{"line":1,"column":23}},"1":{"start":{"line":4,"column":2},"end":{"line":9,"column":4}},"2":{"start":{"line":3,"column":0},"end":{"line":3,"column":24}}},"fnMap":{"0":{"name":"Page404","decl":{"start":{"line":3,"column":24},"end":{"line":3,"column":31}},"loc":{"start":{"line":3,"column":31},"end":{"line":10,"column":1}}}},"branchMap":{},"s":{"0":1,"1":1,"2":1},"f":{"0":1},"b":{}}
,"C:\\Users\\THINKPAD-I5 Pro EVO\\Desktop\\Software developtment\\React\\src\\react-components\\Card\\Card.tsx": {"path":"C:\\Users\\THINKPAD-I5 Pro EVO\\Desktop\\Software developtment\\React\\src\\react-components\\Card\\Card.tsx","statementMap":{"0":{"start":{"line":1,"column":0},"end":{"line":1,"column":40}},"1":{"start":{"line":2,"column":0},"end":{"line":2,"column":51}},"2":{"start":{"line":4,"column":0},"end":{"line":4,"column":20}},"3":{"start":{"line":7,"column":2},"end":{"line":19,"column":4}},"4":{"start":{"line":6,"column":0},"end":{"line":6,"column":24}}},"fnMap":{"0":{"name":"Card","decl":{"start":{"line":6,"column":24},"end":{"line":6,"column":28}},"loc":{"start":{"line":6,"column":58},"end":{"line":20,"column":1}}}},"branchMap":{},"s":{"0":3,"1":3,"2":3,"3":3,"4":3},"f":{"0":3},"b":{}}
,"C:\\Users\\THINKPAD-I5 Pro EVO\\Desktop\\Software developtment\\React\\src\\react-components\\ErrorBoundary\\ErrorBoundary.tsx": {"path":"C:\\Users\\THINKPAD-I5 Pro EVO\\Desktop\\Software developtment\\React\\src\\react-components\\ErrorBoundary\\ErrorBoundary.tsx","statementMap":{"0":{"start":{"line":1,"column":0},"end":{"line":1,"column":41}},"1":{"start":{"line":9,"column":4},"end":{"line":9,"column":17}},"2":{"start":{"line":10,"column":4},"end":{"line":10,"column":37}},"3":{"start":{"line":14,"column":4},"end":{"line":14,"column":36}},"4":{"start":{"line":15,"column":4},"end":{"line":15,"column":30}},"5":{"start":{"line":19,"column":4},"end":{"line":19,"column":43}},"6":{"start":{"line":20,"column":4},"end":{"line":20,"column":58}},"7":{"start":{"line":21,"column":4},"end":{"line":21,"column":38}},"8":{"start":{"line":25,"column":4},"end":{"line":27,"column":null}},"9":{"start":{"line":26,"column":6},"end":{"line":26,"column":33}},"10":{"start":{"line":29,"column":4},"end":{"line":29,"column":31}},"11":{"start":{"line":4,"column":0},"end":{"line":4,"column":21}}},"fnMap":{"0":{"name":"(anonymous_0)","decl":{"start":{"line":8,"column":2},"end":{"line":8,"column":14}},"loc":{"start":{"line":8,"column":39},"end":{"line":11,"column":3}}},"1":{"name":"(anonymous_1)","decl":{"start":{"line":13,"column":2},"end":{"line":13,"column":8}},"loc":{"start":{"line":13,"column":46},"end":{"line":16,"column":3}}},"2":{"name":"(anonymous_2)","decl":{"start":{"line":18,"column":2},"end":{"line":18,"column":19}},"loc":{"start":{"line":18,"column":60},"end":{"line":22,"column":3}}},"3":{"name":"(anonymous_3)","decl":{"start":{"line":24,"column":2},"end":{"line":24,"column":8}},"loc":{"start":{"line":24,"column":8},"end":{"line":30,"column":3}}}},"branchMap":{"0":{"loc":{"start":{"line":25,"column":4},"end":{"line":27,"column":null}},"type":"if","locations":[{"start":{"line":25,"column":4},"end":{"line":27,"column":null}}]}},"s":{"0":0,"1":0,"2":0,"3":0,"4":0,"5":0,"6":0,"7":0,"8":0,"9":0,"10":0,"11":0},"f":{"0":0,"1":0,"2":0,"3":0},"b":{"0":[0]}}
,"C:\\Users\\THINKPAD-I5 Pro EVO\\Desktop\\Software developtment\\React\\src\\react-components\\ErrorButton\\ErrorButton.tsx": {"path":"C:\\Users\\THINKPAD-I5 Pro EVO\\Desktop\\Software developtment\\React\\src\\react-components\\ErrorButton\\ErrorButton.tsx","statementMap":{"0":{"start":{"line":1,"column":0},"end":{"line":1,"column":44}},"1":{"start":{"line":2,"column":0},"end":{"line":2,"column":27}},"2":{"start":{"line":5,"column":28},"end":{"line":5,"column":39}},"3":{"start":{"line":7,"column":2},"end":{"line":11,"column":14}},"4":{"start":{"line":8,"column":4},"end":{"line":10,"column":null}},"5":{"start":{"line":9,"column":6},"end":{"line":9,"column":60}},"6":{"start":{"line":13,"column":22},"end":{"line":15,"column":3}},"7":{"start":{"line":14,"column":4},"end":{"line":14,"column":24}},"8":{"start":{"line":17,"column":2},"end":{"line":21,"column":4}},"9":{"start":{"line":4,"column":0},"end":{"line":4,"column":24}}},"fnMap":{"0":{"name":"ErrorButton","decl":{"start":{"line":4,"column":24},"end":{"line":4,"column":35}},"loc":{"start":{"line":4,"column":35},"end":{"line":22,"column":1}}},"1":{"name":"(anonymous_1)","decl":{"start":{"line":7,"column":12},"end":{"line":7,"column":15}},"loc":{"start":{"line":7,"column":17},"end":{"line":11,"column":3}}},"2":{"name":"(anonymous_2)","decl":{"start":{"line":13,"column":22},"end":{"line":13,"column":25}},"loc":{"start":{"line":13,"column":27},"end":{"line":15,"column":3}}}},"branchMap":{"0":{"loc":{"start":{"line":8,"column":4},"end":{"line":10,"column":null}},"type":"if","locations":[{"start":{"line":8,"column":4},"end":{"line":10,"column":null}}]}},"s":{"0":1,"1":1,"2":0,"3":0,"4":0,"5":0,"6":0,"7":0,"8":0,"9":1},"f":{"0":0,"1":0,"2":0},"b":{"0":[0]}}
,"C:\\Users\\THINKPAD-I5 Pro EVO\\Desktop\\Software developtment\\React\\src\\react-components\\ErrorMessage\\ErrorMessage.tsx": {"path":"C:\\Users\\THINKPAD-I5 Pro EVO\\Desktop\\Software developtment\\React\\src\\react-components\\ErrorMessage\\ErrorMessage.tsx","statementMap":{"0":{"start":{"line":1,"column":0},"end":{"line":1,"column":28}},"1":{"start":{"line":4,"column":2},"end":{"line":8,"column":4}},"2":{"start":{"line":3,"column":0},"end":{"line":3,"column":24}}},"fnMap":{"0":{"name":"ErrorMessage","decl":{"start":{"line":3,"column":24},"end":{"line":3,"column":36}},"loc":{"start":{"line":3,"column":36},"end":{"line":9,"column":1}}}},"branchMap":{},"s":{"0":0,"1":0,"2":0},"f":{"0":0},"b":{}}
,"C:\\Users\\THINKPAD-I5 Pro EVO\\Desktop\\Software developtment\\React\\src\\react-components\\Header\\Header.tsx": {"path":"C:\\Users\\THINKPAD-I5 Pro EVO\\Desktop\\Software developtment\\React\\src\\react-components\\Header\\Header.tsx","statementMap":{"0":{"start":{"line":1,"column":0},"end":{"line":1,"column":48}},"1":{"start":{"line":3,"column":0},"end":{"line":3,"column":53}},"2":{"start":{"line":4,"column":0},"end":{"line":4,"column":59}},"3":{"start":{"line":5,"column":0},"end":{"line":5,"column":72}},"4":{"start":{"line":6,"column":0},"end":{"line":6,"column":22}},"5":{"start":{"line":9,"column":52},"end":{"line":9,"column":74}},"6":{"start":{"line":11,"column":23},"end":{"line":19,"column":3}},"7":{"start":{"line":12,"column":17},"end":{"line":12,"column":33}},"8":{"start":{"line":13,"column":4},"end":{"line":18,"column":null}},"9":{"start":{"line":14,"column":6},"end":{"line":14,"column":25}},"10":{"start":{"line":15,"column":6},"end":{"line":15,"column":37}},"11":{"start":{"line":17,"column":6},"end":{"line":17,"column":31}},"12":{"start":{"line":21,"column":2},"end":{"line":37,"column":4}},"13":{"start":{"line":27,"column":10},"end":{"line":27,"column":42}},"14":{"start":{"line":8,"column":0},"end":{"line":8,"column":24}}},"fnMap":{"0":{"name":"Header","decl":{"start":{"line":8,"column":24},"end":{"line":8,"column":30}},"loc":{"start":{"line":8,"column":55},"end":{"line":38,"column":1}}},"1":{"name":"(anonymous_2)","decl":{"start":{"line":11,"column":23},"end":{"line":11,"column":26}},"loc":{"start":{"line":11,"column":28},"end":{"line":19,"column":3}}},"2":{"name":"(anonymous_3)","decl":{"start":{"line":26,"column":18},"end":{"line":26,"column":19}},"loc":{"start":{"line":27,"column":10},"end":{"line":27,"column":42}}}},"branchMap":{"0":{"loc":{"start":{"line":13,"column":4},"end":{"line":18,"column":null}},"type":"if","locations":[{"start":{"line":13,"column":4},"end":{"line":18,"column":null}},{"start":{"line":16,"column":11},"end":{"line":18,"column":null}}]}},"s":{"0":1,"1":1,"2":1,"3":1,"4":1,"5":0,"6":0,"7":0,"8":0,"9":0,"10":0,"11":0,"12":0,"13":0,"14":1},"f":{"0":0,"1":0,"2":0},"b":{"0":[0,0]}}
,"C:\\Users\\THINKPAD-I5 Pro EVO\\Desktop\\Software developtment\\React\\src\\react-components\\Loader\\Loader.tsx": {"path":"C:\\Users\\THINKPAD-I5 Pro EVO\\Desktop\\Software developtment\\React\\src\\react-components\\Loader\\Loader.tsx","statementMap":{"0":{"start":{"line":2,"column":2},"end":{"line":2,"column":50}},"1":{"start":{"line":1,"column":0},"end":{"line":1,"column":24}}},"fnMap":{"0":{"name":"Loader","decl":{"start":{"line":1,"column":24},"end":{"line":1,"column":30}},"loc":{"start":{"line":1,"column":30},"end":{"line":3,"column":1}}}},"branchMap":{},"s":{"0":0,"1":1},"f":{"0":0},"b":{}}
,"C:\\Users\\THINKPAD-I5 Pro EVO\\Desktop\\Software developtment\\React\\src\\react-components\\Pagination\\Pagination.tsx": {"path":"C:\\Users\\THINKPAD-I5 Pro EVO\\Desktop\\Software developtment\\React\\src\\react-components\\Pagination\\Pagination.tsx","statementMap":{"0":{"start":{"line":2,"column":0},"end":{"line":2,"column":56}},"1":{"start":{"line":4,"column":0},"end":{"line":4,"column":72}},"2":{"start":{"line":5,"column":0},"end":{"line":5,"column":26}},"3":{"start":{"line":8,"column":40},"end":{"line":8,"column":62}},"4":{"start":{"line":9,"column":54},"end":{"line":9,"column":76}},"5":{"start":{"line":11,"column":2},"end":{"line":14,"column":19}},"6":{"start":{"line":12,"column":20},"end":{"line":12,"column":79}},"7":{"start":{"line":12,"column":69},"end":{"line":12,"column":78}},"8":{"start":{"line":13,"column":4},"end":{"line":13,"column":28}},"9":{"start":{"line":16,"column":2},"end":{"line":30,"column":4}},"10":{"start":{"line":19,"column":8},"end":{"line":23,"column":null}},"11":{"start":{"line":24,"column":25},"end":{"line":24,"column":47}},"12":{"start":{"line":7,"column":0},"end":{"line":7,"column":24}}},"fnMap":{"0":{"name":"Pagination","decl":{"start":{"line":7,"column":24},"end":{"line":7,"column":34}},"loc":{"start":{"line":7,"column":34},"end":{"line":31,"column":1}}},"1":{"name":"(anonymous_1)","decl":{"start":{"line":11,"column":12},"end":{"line":11,"column":15}},"loc":{"start":{"line":11,"column":17},"end":{"line":14,"column":3}}},"2":{"name":"(anonymous_2)","decl":{"start":{"line":12,"column":55},"end":{"line":12,"column":56}},"loc":{"start":{"line":12,"column":69},"end":{"line":12,"column":78}}},"3":{"name":"(anonymous_3)","decl":{"start":{"line":18,"column":23},"end":{"line":18,"column":24}},"loc":{"start":{"line":19,"column":8},"end":{"line":23,"column":null}}},"4":{"name":"(anonymous_4)","decl":{"start":{"line":24,"column":19},"end":{"line":24,"column":22}},"loc":{"start":{"line":24,"column":25},"end":{"line":24,"column":47}}}},"branchMap":{"0":{"loc":{"start":{"line":21,"column":12},"end":{"line":21,"column":null}},"type":"cond-expr","locations":[{"start":{"line":21,"column":37},"end":{"line":21,"column":47}},{"start":{"line":21,"column":50},"end":{"line":21,"column":null}}]}},"s":{"0":1,"1":1,"2":1,"3":0,"4":0,"5":0,"6":0,"7":0,"8":0,"9":0,"10":0,"11":0,"12":1},"f":{"0":0,"1":0,"2":0,"3":0,"4":0},"b":{"0":[0,0]}}
,"C:\\Users\\THINKPAD-I5 Pro EVO\\Desktop\\Software developtment\\React\\src\\react-components\\SearchResults\\SearchResults.tsx": {"path":"C:\\Users\\THINKPAD-I5 Pro EVO\\Desktop\\Software developtment\\React\\src\\react-components\\SearchResults\\SearchResults.tsx","statementMap":{"0":{"start":{"line":1,"column":0},"end":{"line":1,"column":26}},"1":{"start":{"line":2,"column":0},"end":{"line":2,"column":56}},"2":{"start":{"line":3,"column":0},"end":{"line":3,"column":53}},"3":{"start":{"line":5,"column":0},"end":{"line":5,"column":72}},"4":{"start":{"line":6,"column":0},"end":{"line":6,"column":29}},"5":{"start":{"line":7,"column":0},"end":{"line":7,"column":32}},"6":{"start":{"line":10,"column":30},"end":{"line":10,"column":52}},"7":{"start":{"line":11,"column":19},"end":{"line":11,"column":32}},"8":{"start":{"line":12,"column":44},"end":{"line":12,"column":59}},"9":{"start":{"line":14,"column":2},"end":{"line":16,"column":17}},"10":{"start":{"line":15,"column":4},"end":{"line":15,"column":60}},"11":{"start":{"line":18,"column":2},"end":{"line":34,"column":4}},"12":{"start":{"line":29,"column":12},"end":{"line":29,"column":34}},"13":{"start":{"line":9,"column":0},"end":{"line":9,"column":24}}},"fnMap":{"0":{"name":"SearchResults","decl":{"start":{"line":9,"column":24},"end":{"line":9,"column":37}},"loc":{"start":{"line":9,"column":37},"end":{"line":35,"column":1}}},"1":{"name":"(anonymous_2)","decl":{"start":{"line":14,"column":12},"end":{"line":14,"column":15}},"loc":{"start":{"line":14,"column":17},"end":{"line":16,"column":3}}},"2":{"name":"(anonymous_3)","decl":{"start":{"line":28,"column":31},"end":{"line":28,"column":32}},"loc":{"start":{"line":29,"column":12},"end":{"line":29,"column":34}}}},"branchMap":{"0":{"loc":{"start":{"line":20,"column":7},"end":{"line":31,"column":null}},"type":"cond-expr","locations":[{"start":{"line":21,"column":8},"end":{"line":21,"column":52}},{"start":{"line":23,"column":8},"end":{"line":30,"column":null}}]},"1":{"loc":{"start":{"line":25,"column":39},"end":{"line":25,"column":74}},"type":"cond-expr","locations":[{"start":{"line":25,"column":55},"end":{"line":25,"column":69}},{"start":{"line":25,"column":72},"end":{"line":25,"column":74}}]}},"s":{"0":2,"1":2,"2":2,"3":2,"4":2,"5":2,"6":3,"7":2,"8":2,"9":2,"10":2,"11":2,"12":2,"13":2},"f":{"0":3,"1":2,"2":2},"b":{"0":[1,1],"1":[0,1]}}
,"C:\\Users\\THINKPAD-I5 Pro EVO\\Desktop\\Software developtment\\React\\src\\react-components\\SelectElement\\SelectElement.tsx": {"path":"C:\\Users\\THINKPAD-I5 Pro EVO\\Desktop\\Software developtment\\React\\src\\react-components\\SelectElement\\SelectElement.tsx","statementMap":{"0":{"start":{"line":1,"column":0},"end":{"line":1,"column":58}},"1":{"start":{"line":3,"column":0},"end":{"line":3,"column":72}},"2":{"start":{"line":4,"column":0},"end":{"line":4,"column":29}},"3":{"start":{"line":7,"column":30},"end":{"line":7,"column":52}},"4":{"start":{"line":8,"column":20},"end":{"line":8,"column":42}},"5":{"start":{"line":10,"column":2},"end":{"line":24,"column":4}},"6":{"start":{"line":14,"column":8},"end":{"line":14,"column":57}},"7":{"start":{"line":19,"column":8},"end":{"line":19,"column":28}},"8":{"start":{"line":6,"column":0},"end":{"line":6,"column":24}}},"fnMap":{"0":{"name":"SelectElement","decl":{"start":{"line":6,"column":24},"end":{"line":6,"column":37}},"loc":{"start":{"line":6,"column":37},"end":{"line":25,"column":1}}},"1":{"name":"(anonymous_1)","decl":{"start":{"line":13,"column":16},"end":{"line":13,"column":17}},"loc":{"start":{"line":14,"column":8},"end":{"line":14,"column":57}}},"2":{"name":"(anonymous_2)","decl":{"start":{"line":18,"column":19},"end":{"line":18,"column":20}},"loc":{"start":{"line":19,"column":8},"end":{"line":19,"column":28}}}},"branchMap":{},"s":{"0":1,"1":1,"2":1,"3":0,"4":0,"5":0,"6":0,"7":0,"8":1},"f":{"0":0,"1":0,"2":0},"b":{}}
}
