{"C:\\Users\\THINKPAD-I5 Pro EVO\\Desktop\\Software developtment\\React\\src\\App.tsx": {"path":"C:\\Users\\THINKPAD-I5 Pro EVO\\Desktop\\Software developtment\\React\\src\\App.tsx","statementMap":{"0":{"start":{"line":1,"column":0},"end":{"line":1,"column":64}},"1":{"start":{"line":2,"column":0},"end":{"line":2,"column":49}},"2":{"start":{"line":3,"column":0},"end":{"line":3,"column":46}},"3":{"start":{"line":4,"column":0},"end":{"line":4,"column":46}},"4":{"start":{"line":7,"column":2},"end":{"line":16,"column":4}},"5":{"start":{"line":6,"column":0},"end":{"line":6,"column":24}}},"fnMap":{"0":{"name":"App","decl":{"start":{"line":6,"column":24},"end":{"line":6,"column":27}},"loc":{"start":{"line":6,"column":27},"end":{"line":17,"column":1}}}},"branchMap":{},"s":{"0":1,"1":1,"2":1,"3":1,"4":1,"5":1},"f":{"0":1},"b":{}}
,"C:\\Users\\THINKPAD-I5 Pro EVO\\Desktop\\Software developtment\\React\\src\\main.tsx": {"path":"C:\\Users\\THINKPAD-I5 Pro EVO\\Desktop\\Software developtment\\React\\src\\main.tsx","statementMap":{"0":{"start":{"line":1,"column":0},"end":{"line":1,"column":26}},"1":{"start":{"line":2,"column":0},"end":{"line":2,"column":40}},"2":{"start":{"line":3,"column":0},"end":{"line":3,"column":39}},"3":{"start":{"line":4,"column":0},"end":{"line":4,"column":64}},"4":{"start":{"line":5,"column":0},"end":{"line":5,"column":24}},"5":{"start":{"line":6,"column":0},"end":{"line":6,"column":75}},"6":{"start":{"line":7,"column":0},"end":{"line":7,"column":72}},"7":{"start":{"line":8,"column":0},"end":{"line":8,"column":37}},"8":{"start":{"line":9,"column":0},"end":{"line":9,"column":71}},"9":{"start":{"line":11,"column":14},"end":{"line":11,"column":26}},"10":{"start":{"line":12,"column":0},"end":{"line":12,"column":38}},"11":{"start":{"line":14,"column":0},"end":{"line":24,"column":2}}},"fnMap":{},"branchMap":{},"s":{"0":0,"1":0,"2":0,"3":0,"4":0,"5":0,"6":0,"7":0,"8":0,"9":0,"10":0,"11":0},"f":{},"b":{}}
,"C:\\Users\\THINKPAD-I5 Pro EVO\\Desktop\\Software developtment\\React\\src\\pages\\Details\\Details.tsx": {"path":"C:\\Users\\THINKPAD-I5 Pro EVO\\Desktop\\Software developtment\\React\\src\\pages\\Details\\Details.tsx","statementMap":{"0":{"start":{"line":1,"column":0},"end":{"line":1,"column":51}},"1":{"start":{"line":2,"column":0},"end":{"line":2,"column":55}},"2":{"start":{"line":3,"column":0},"end":{"line":3,"column":51}},"3":{"start":{"line":4,"column":0},"end":{"line":4,"column":23}},"4":{"start":{"line":7,"column":17},"end":{"line":7,"column":44}},"5":{"start":{"line":9,"column":43},"end":{"line":10,"column":null}},"6":{"start":{"line":13,"column":2},"end":{"line":55,"column":4}},"7":{"start":{"line":6,"column":0},"end":{"line":6,"column":24}}},"fnMap":{"0":{"name":"Details","decl":{"start":{"line":6,"column":24},"end":{"line":6,"column":31}},"loc":{"start":{"line":6,"column":31},"end":{"line":56,"column":1}}}},"branchMap":{"0":{"loc":{"start":{"line":15,"column":7},"end":{"line":52,"column":null}},"type":"cond-expr","locations":[{"start":{"line":16,"column":8},"end":{"line":16,"column":29}},{"start":{"line":18,"column":8},"end":{"line":51,"column":null}}]},"1":{"loc":{"start":{"line":26,"column":13},"end":{"line":49,"column":null}},"type":"binary-expr","locations":[{"start":{"line":26,"column":13},"end":{"line":26,"column":24}},{"start":{"line":27,"column":14},"end":{"line":48,"column":null}}]}},"s":{"0":2,"1":2,"2":2,"3":2,"4":3,"5":3,"6":3,"7":2},"f":{"0":3},"b":{"0":[1,2],"1":[2,2]}}
,"C:\\Users\\THINKPAD-I5 Pro EVO\\Desktop\\Software developtment\\React\\src\\pages\\HomePage\\HomePage.tsx": {"path":"C:\\Users\\THINKPAD-I5 Pro EVO\\Desktop\\Software developtment\\React\\src\\pages\\HomePage\\HomePage.tsx","statementMap":{"0":{"start":{"line":1,"column":0},"end":{"line":1,"column":51}},"1":{"start":{"line":2,"column":0},"end":{"line":2,"column":59}},"2":{"start":{"line":3,"column":0},"end":{"line":3,"column":70}},"3":{"start":{"line":4,"column":0},"end":{"line":4,"column":79}},"4":{"start":{"line":5,"column":0},"end":{"line":5,"column":58}},"5":{"start":{"line":6,"column":0},"end":{"line":6,"column":58}},"6":{"start":{"line":7,"column":0},"end":{"line":7,"column":48}},"7":{"start":{"line":8,"column":0},"end":{"line":8,"column":73}},"8":{"start":{"line":9,"column":0},"end":{"line":9,"column":69}},"9":{"start":{"line":10,"column":0},"end":{"line":10,"column":24}},"10":{"start":{"line":13,"column":19},"end":{"line":13,"column":35}},"11":{"start":{"line":14,"column":42},"end":{"line":14,"column":59}},"12":{"start":{"line":15,"column":20},"end":{"line":15,"column":71}},"13":{"start":{"line":15,"column":46},"end":{"line":15,"column":70}},"14":{"start":{"line":16,"column":22},"end":{"line":16,"column":75}},"15":{"start":{"line":16,"column":48},"end":{"line":16,"column":74}},"16":{"start":{"line":17,"column":23},"end":{"line":17,"column":77}},"17":{"start":{"line":17,"column":49},"end":{"line":17,"column":76}},"18":{"start":{"line":18,"column":45},"end":{"line":22,"column":4}},"19":{"start":{"line":24,"column":2},"end":{"line":37,"column":59}},"20":{"start":{"line":25,"column":4},"end":{"line":36,"column":null}},"21":{"start":{"line":26,"column":6},"end":{"line":30,"column":9}},"22":{"start":{"line":32,"column":6},"end":{"line":35,"column":9}},"23":{"start":{"line":39,"column":2},"end":{"line":44,"column":22}},"24":{"start":{"line":40,"column":4},"end":{"line":43,"column":null}},"25":{"start":{"line":41,"column":6},"end":{"line":41,"column":79}},"26":{"start":{"line":42,"column":6},"end":{"line":42,"column":73}},"27":{"start":{"line":46,"column":2},"end":{"line":61,"column":4}},"28":{"start":{"line":12,"column":0},"end":{"line":12,"column":24}}},"fnMap":{"0":{"name":"HomePage","decl":{"start":{"line":12,"column":24},"end":{"line":12,"column":32}},"loc":{"start":{"line":12,"column":32},"end":{"line":62,"column":1}}},"1":{"name":"(anonymous_8)","decl":{"start":{"line":15,"column":35},"end":{"line":15,"column":36}},"loc":{"start":{"line":15,"column":46},"end":{"line":15,"column":70}}},"2":{"name":"(anonymous_9)","decl":{"start":{"line":16,"column":37},"end":{"line":16,"column":38}},"loc":{"start":{"line":16,"column":48},"end":{"line":16,"column":74}}},"3":{"name":"(anonymous_10)","decl":{"start":{"line":17,"column":38},"end":{"line":17,"column":39}},"loc":{"start":{"line":17,"column":49},"end":{"line":17,"column":76}}},"4":{"name":"(anonymous_11)","decl":{"start":{"line":24,"column":12},"end":{"line":24,"column":15}},"loc":{"start":{"line":24,"column":17},"end":{"line":37,"column":3}}},"5":{"name":"(anonymous_12)","decl":{"start":{"line":39,"column":12},"end":{"line":39,"column":15}},"loc":{"start":{"line":39,"column":17},"end":{"line":44,"column":3}}}},"branchMap":{"0":{"loc":{"start":{"line":25,"column":4},"end":{"line":36,"column":null}},"type":"if","locations":[{"start":{"line":25,"column":4},"end":{"line":36,"column":null}},{"start":{"line":31,"column":11},"end":{"line":36,"column":null}}]},"1":{"loc":{"start":{"line":40,"column":4},"end":{"line":43,"column":null}},"type":"if","locations":[{"start":{"line":40,"column":4},"end":{"line":43,"column":null}}]},"2":{"loc":{"start":{"line":49,"column":7},"end":{"line":58,"column":null}},"type":"cond-expr","locations":[{"start":{"line":50,"column":8},"end":{"line":50,"column":18}},{"start":{"line":52,"column":8},"end":{"line":57,"column":null}}]}},"s":{"0":2,"1":2,"2":2,"3":2,"4":2,"5":2,"6":2,"7":2,"8":2,"9":2,"10":4,"11":4,"12":3,"13":4,"14":3,"15":4,"16":3,"17":4,"18":3,"19":3,"20":2,"21":0,"22":2,"23":3,"24":1,"25":1,"26":1,"27":3,"28":2},"f":{"0":4,"1":4,"2":4,"3":4,"4":2,"5":1},"b":{"0":[0,2],"1":[1],"2":[0,3]}}
,"C:\\Users\\THINKPAD-I5 Pro EVO\\Desktop\\Software developtment\\React\\src\\pages\\Page404\\Page404.tsx": {"path":"C:\\Users\\THINKPAD-I5 Pro EVO\\Desktop\\Software developtment\\React\\src\\pages\\Page404\\Page404.tsx","statementMap":{"0":{"start":{"line":1,"column":0},"end":{"line":1,"column":23}},"1":{"start":{"line":4,"column":2},"end":{"line":9,"column":4}},"2":{"start":{"line":3,"column":0},"end":{"line":3,"column":24}}},"fnMap":{"0":{"name":"Page404","decl":{"start":{"line":3,"column":24},"end":{"line":3,"column":31}},"loc":{"start":{"line":3,"column":31},"end":{"line":10,"column":1}}}},"branchMap":{},"s":{"0":1,"1":1,"2":1},"f":{"0":1},"b":{}}
,"C:\\Users\\THINKPAD-I5 Pro EVO\\Desktop\\Software developtment\\React\\src\\react-components\\Card\\Card.tsx": {"path":"C:\\Users\\THINKPAD-I5 Pro EVO\\Desktop\\Software developtment\\React\\src\\react-components\\Card\\Card.tsx","statementMap":{"0":{"start":{"line":1,"column":0},"end":{"line":1,"column":40}},"1":{"start":{"line":2,"column":0},"end":{"line":2,"column":51}},"2":{"start":{"line":4,"column":0},"end":{"line":4,"column":20}},"3":{"start":{"line":7,"column":2},"end":{"line":19,"column":4}},"4":{"start":{"line":6,"column":0},"end":{"line":6,"column":24}}},"fnMap":{"0":{"name":"Card","decl":{"start":{"line":6,"column":24},"end":{"line":6,"column":28}},"loc":{"start":{"line":6,"column":58},"end":{"line":20,"column":1}}}},"branchMap":{},"s":{"0":4,"1":4,"2":4,"3":51,"4":4},"f":{"0":51},"b":{}}
,"C:\\Users\\THINKPAD-I5 Pro EVO\\Desktop\\Software developtment\\React\\src\\react-components\\ErrorBoundary\\ErrorBoundary.tsx": {"path":"C:\\Users\\THINKPAD-I5 Pro EVO\\Desktop\\Software developtment\\React\\src\\react-components\\ErrorBoundary\\ErrorBoundary.tsx","statementMap":{"0":{"start":{"line":1,"column":0},"end":{"line":1,"column":41}},"1":{"start":{"line":9,"column":4},"end":{"line":9,"column":17}},"2":{"start":{"line":10,"column":4},"end":{"line":10,"column":37}},"3":{"start":{"line":14,"column":4},"end":{"line":14,"column":36}},"4":{"start":{"line":15,"column":4},"end":{"line":15,"column":30}},"5":{"start":{"line":19,"column":4},"end":{"line":19,"column":43}},"6":{"start":{"line":20,"column":4},"end":{"line":20,"column":58}},"7":{"start":{"line":21,"column":4},"end":{"line":21,"column":38}},"8":{"start":{"line":25,"column":4},"end":{"line":27,"column":null}},"9":{"start":{"line":26,"column":6},"end":{"line":26,"column":33}},"10":{"start":{"line":29,"column":4},"end":{"line":29,"column":31}},"11":{"start":{"line":4,"column":0},"end":{"line":4,"column":21}}},"fnMap":{"0":{"name":"(anonymous_0)","decl":{"start":{"line":8,"column":2},"end":{"line":8,"column":14}},"loc":{"start":{"line":8,"column":39},"end":{"line":11,"column":3}}},"1":{"name":"(anonymous_1)","decl":{"start":{"line":13,"column":2},"end":{"line":13,"column":8}},"loc":{"start":{"line":13,"column":46},"end":{"line":16,"column":3}}},"2":{"name":"(anonymous_2)","decl":{"start":{"line":18,"column":2},"end":{"line":18,"column":19}},"loc":{"start":{"line":18,"column":60},"end":{"line":22,"column":3}}},"3":{"name":"(anonymous_3)","decl":{"start":{"line":24,"column":2},"end":{"line":24,"column":8}},"loc":{"start":{"line":24,"column":8},"end":{"line":30,"column":3}}}},"branchMap":{"0":{"loc":{"start":{"line":25,"column":4},"end":{"line":27,"column":null}},"type":"if","locations":[{"start":{"line":25,"column":4},"end":{"line":27,"column":null}}]}},"s":{"0":1,"1":3,"2":2,"3":1,"4":1,"5":1,"6":1,"7":1,"8":4,"9":2,"10":2,"11":1},"f":{"0":3,"1":1,"2":1,"3":4},"b":{"0":[2]}}
,"C:\\Users\\THINKPAD-I5 Pro EVO\\Desktop\\Software developtment\\React\\src\\react-components\\ErrorButton\\ErrorButton.tsx": {"path":"C:\\Users\\THINKPAD-I5 Pro EVO\\Desktop\\Software developtment\\React\\src\\react-components\\ErrorButton\\ErrorButton.tsx","statementMap":{"0":{"start":{"line":1,"column":0},"end":{"line":1,"column":44}},"1":{"start":{"line":2,"column":0},"end":{"line":2,"column":27}},"2":{"start":{"line":5,"column":28},"end":{"line":5,"column":39}},"3":{"start":{"line":7,"column":2},"end":{"line":11,"column":14}},"4":{"start":{"line":8,"column":4},"end":{"line":10,"column":null}},"5":{"start":{"line":9,"column":6},"end":{"line":9,"column":60}},"6":{"start":{"line":13,"column":22},"end":{"line":15,"column":3}},"7":{"start":{"line":14,"column":4},"end":{"line":14,"column":24}},"8":{"start":{"line":17,"column":2},"end":{"line":21,"column":4}},"9":{"start":{"line":4,"column":0},"end":{"line":4,"column":24}}},"fnMap":{"0":{"name":"ErrorButton","decl":{"start":{"line":4,"column":24},"end":{"line":4,"column":35}},"loc":{"start":{"line":4,"column":35},"end":{"line":22,"column":1}}},"1":{"name":"(anonymous_1)","decl":{"start":{"line":7,"column":12},"end":{"line":7,"column":15}},"loc":{"start":{"line":7,"column":17},"end":{"line":11,"column":3}}},"2":{"name":"(anonymous_2)","decl":{"start":{"line":13,"column":22},"end":{"line":13,"column":25}},"loc":{"start":{"line":13,"column":27},"end":{"line":15,"column":3}}}},"branchMap":{"0":{"loc":{"start":{"line":8,"column":4},"end":{"line":10,"column":null}},"type":"if","locations":[{"start":{"line":8,"column":4},"end":{"line":10,"column":null}}]}},"s":{"0":4,"1":4,"2":9,"3":8,"4":5,"5":1,"6":8,"7":1,"8":8,"9":4},"f":{"0":9,"1":5,"2":1},"b":{"0":[1]}}
,"C:\\Users\\THINKPAD-I5 Pro EVO\\Desktop\\Software developtment\\React\\src\\react-components\\ErrorMessage\\ErrorMessage.tsx": {"path":"C:\\Users\\THINKPAD-I5 Pro EVO\\Desktop\\Software developtment\\React\\src\\react-components\\ErrorMessage\\ErrorMessage.tsx","statementMap":{"0":{"start":{"line":1,"column":0},"end":{"line":1,"column":28}},"1":{"start":{"line":4,"column":2},"end":{"line":8,"column":4}},"2":{"start":{"line":3,"column":0},"end":{"line":3,"column":24}}},"fnMap":{"0":{"name":"ErrorMessage","decl":{"start":{"line":3,"column":24},"end":{"line":3,"column":36}},"loc":{"start":{"line":3,"column":36},"end":{"line":9,"column":1}}}},"branchMap":{},"s":{"0":1,"1":1,"2":1},"f":{"0":1},"b":{}}
,"C:\\Users\\THINKPAD-I5 Pro EVO\\Desktop\\Software developtment\\React\\src\\react-components\\Header\\Header.tsx": {"path":"C:\\Users\\THINKPAD-I5 Pro EVO\\Desktop\\Software developtment\\React\\src\\react-components\\Header\\Header.tsx","statementMap":{"0":{"start":{"line":1,"column":0},"end":{"line":1,"column":57}},"1":{"start":{"line":2,"column":0},"end":{"line":2,"column":73}},"2":{"start":{"line":3,"column":0},"end":{"line":3,"column":69}},"3":{"start":{"line":4,"column":0},"end":{"line":4,"column":53}},"4":{"start":{"line":5,"column":0},"end":{"line":5,"column":59}},"5":{"start":{"line":6,"column":0},"end":{"line":6,"column":22}},"6":{"start":{"line":9,"column":19},"end":{"line":9,"column":35}},"7":{"start":{"line":10,"column":20},"end":{"line":10,"column":71}},"8":{"start":{"line":10,"column":46},"end":{"line":10,"column":70}},"9":{"start":{"line":11,"column":26},"end":{"line":11,"column":75}},"10":{"start":{"line":13,"column":23},"end":{"line":21,"column":3}},"11":{"start":{"line":14,"column":4},"end":{"line":20,"column":null}},"12":{"start":{"line":15,"column":6},"end":{"line":15,"column":57}},"13":{"start":{"line":16,"column":6},"end":{"line":16,"column":46}},"14":{"start":{"line":18,"column":6},"end":{"line":18,"column":43}},"15":{"start":{"line":19,"column":6},"end":{"line":19,"column":55}},"16":{"start":{"line":23,"column":2},"end":{"line":25,"column":18}},"17":{"start":{"line":24,"column":4},"end":{"line":24,"column":29}},"18":{"start":{"line":27,"column":2},"end":{"line":43,"column":4}},"19":{"start":{"line":33,"column":10},"end":{"line":33,"column":45}},"20":{"start":{"line":8,"column":0},"end":{"line":8,"column":24}}},"fnMap":{"0":{"name":"Header","decl":{"start":{"line":8,"column":24},"end":{"line":8,"column":30}},"loc":{"start":{"line":8,"column":30},"end":{"line":44,"column":1}}},"1":{"name":"(anonymous_2)","decl":{"start":{"line":10,"column":35},"end":{"line":10,"column":36}},"loc":{"start":{"line":10,"column":46},"end":{"line":10,"column":70}}},"2":{"name":"(anonymous_3)","decl":{"start":{"line":13,"column":23},"end":{"line":13,"column":26}},"loc":{"start":{"line":13,"column":28},"end":{"line":21,"column":3}}},"3":{"name":"(anonymous_4)","decl":{"start":{"line":23,"column":12},"end":{"line":23,"column":15}},"loc":{"start":{"line":23,"column":17},"end":{"line":25,"column":3}}},"4":{"name":"(anonymous_5)","decl":{"start":{"line":32,"column":18},"end":{"line":32,"column":19}},"loc":{"start":{"line":32,"column":59},"end":{"line":34,"column":9}}}},"branchMap":{"0":{"loc":{"start":{"line":11,"column":35},"end":{"line":11,"column":74}},"type":"binary-expr","locations":[{"start":{"line":11,"column":35},"end":{"line":11,"column":68}},{"start":{"line":11,"column":72},"end":{"line":11,"column":74}}]},"1":{"loc":{"start":{"line":14,"column":4},"end":{"line":20,"column":null}},"type":"if","locations":[{"start":{"line":14,"column":4},"end":{"line":20,"column":null}},{"start":{"line":17,"column":11},"end":{"line":20,"column":null}}]},"2":{"loc":{"start":{"line":24,"column":12},"end":{"line":24,"column":27}},"type":"binary-expr","locations":[{"start":{"line":24,"column":12},"end":{"line":24,"column":21}},{"start":{"line":24,"column":25},"end":{"line":24,"column":27}}]}},"s":{"0":3,"1":3,"2":3,"3":3,"4":3,"5":3,"6":7,"7":7,"8":10,"9":7,"10":7,"11":1,"12":1,"13":1,"14":0,"15":0,"16":7,"17":3,"18":7,"19":1,"20":3},"f":{"0":7,"1":10,"2":1,"3":3,"4":1},"b":{"0":[7,7],"1":[1,0],"2":[3,3]}}
,"C:\\Users\\THINKPAD-I5 Pro EVO\\Desktop\\Software developtment\\React\\src\\react-components\\Loader\\Loader.tsx": {"path":"C:\\Users\\THINKPAD-I5 Pro EVO\\Desktop\\Software developtment\\React\\src\\react-components\\Loader\\Loader.tsx","statementMap":{"0":{"start":{"line":2,"column":2},"end":{"line":2,"column":50}},"1":{"start":{"line":1,"column":0},"end":{"line":1,"column":24}}},"fnMap":{"0":{"name":"Loader","decl":{"start":{"line":1,"column":24},"end":{"line":1,"column":30}},"loc":{"start":{"line":1,"column":30},"end":{"line":3,"column":1}}}},"branchMap":{},"s":{"0":0,"1":2},"f":{"0":0},"b":{}}
,"C:\\Users\\THINKPAD-I5 Pro EVO\\Desktop\\Software developtment\\React\\src\\react-components\\Pagination\\Pagination.tsx": {"path":"C:\\Users\\THINKPAD-I5 Pro EVO\\Desktop\\Software developtment\\React\\src\\react-components\\Pagination\\Pagination.tsx","statementMap":{"0":{"start":{"line":1,"column":0},"end":{"line":1,"column":34}},"1":{"start":{"line":2,"column":0},"end":{"line":2,"column":73}},"2":{"start":{"line":3,"column":0},"end":{"line":3,"column":69}},"3":{"start":{"line":4,"column":0},"end":{"line":4,"column":26}},"4":{"start":{"line":6,"column":19},"end":{"line":6,"column":35}},"5":{"start":{"line":7,"column":22},"end":{"line":7,"column":75}},"6":{"start":{"line":7,"column":48},"end":{"line":7,"column":74}},"7":{"start":{"line":8,"column":21},"end":{"line":8,"column":73}},"8":{"start":{"line":8,"column":47},"end":{"line":8,"column":72}},"9":{"start":{"line":9,"column":23},"end":{"line":9,"column":77}},"10":{"start":{"line":9,"column":49},"end":{"line":9,"column":76}},"11":{"start":{"line":10,"column":21},"end":{"line":10,"column":73}},"12":{"start":{"line":10,"column":47},"end":{"line":10,"column":72}},"13":{"start":{"line":12,"column":22},"end":{"line":14,"column":null}},"14":{"start":{"line":14,"column":18},"end":{"line":14,"column":27}},"15":{"start":{"line":17,"column":2},"end":{"line":21,"column":33}},"16":{"start":{"line":18,"column":4},"end":{"line":20,"column":6}},"17":{"start":{"line":23,"column":26},"end":{"line":25,"column":3}},"18":{"start":{"line":24,"column":4},"end":{"line":24,"column":63}},"19":{"start":{"line":27,"column":2},"end":{"line":41,"column":4}},"20":{"start":{"line":30,"column":8},"end":{"line":34,"column":null}},"21":{"start":{"line":35,"column":25},"end":{"line":35,"column":48}},"22":{"start":{"line":5,"column":0},"end":{"line":5,"column":24}}},"fnMap":{"0":{"name":"Pagination","decl":{"start":{"line":5,"column":24},"end":{"line":5,"column":34}},"loc":{"start":{"line":5,"column":34},"end":{"line":42,"column":1}}},"1":{"name":"(anonymous_1)","decl":{"start":{"line":7,"column":37},"end":{"line":7,"column":38}},"loc":{"start":{"line":7,"column":48},"end":{"line":7,"column":74}}},"2":{"name":"(anonymous_2)","decl":{"start":{"line":8,"column":36},"end":{"line":8,"column":37}},"loc":{"start":{"line":8,"column":47},"end":{"line":8,"column":72}}},"3":{"name":"(anonymous_3)","decl":{"start":{"line":9,"column":38},"end":{"line":9,"column":39}},"loc":{"start":{"line":9,"column":49},"end":{"line":9,"column":76}}},"4":{"name":"(anonymous_4)","decl":{"start":{"line":10,"column":36},"end":{"line":10,"column":37}},"loc":{"start":{"line":10,"column":47},"end":{"line":10,"column":72}}},"5":{"name":"(anonymous_5)","decl":{"start":{"line":14,"column":4},"end":{"line":14,"column":5}},"loc":{"start":{"line":14,"column":18},"end":{"line":14,"column":27}}},"6":{"name":"(anonymous_6)","decl":{"start":{"line":17,"column":12},"end":{"line":17,"column":15}},"loc":{"start":{"line":17,"column":17},"end":{"line":21,"column":3}}},"7":{"name":"(anonymous_7)","decl":{"start":{"line":23,"column":26},"end":{"line":23,"column":27}},"loc":{"start":{"line":23,"column":49},"end":{"line":25,"column":3}}},"8":{"name":"(anonymous_8)","decl":{"start":{"line":29,"column":23},"end":{"line":29,"column":24}},"loc":{"start":{"line":30,"column":8},"end":{"line":34,"column":null}}},"9":{"name":"(anonymous_9)","decl":{"start":{"line":35,"column":19},"end":{"line":35,"column":22}},"loc":{"start":{"line":35,"column":25},"end":{"line":35,"column":48}}}},"branchMap":{"0":{"loc":{"start":{"line":32,"column":12},"end":{"line":32,"column":null}},"type":"cond-expr","locations":[{"start":{"line":32,"column":37},"end":{"line":32,"column":46}},{"start":{"line":32,"column":49},"end":{"line":32,"column":null}}]}},"s":{"0":3,"1":3,"2":3,"3":3,"4":4,"5":4,"6":6,"7":4,"8":6,"9":4,"10":6,"11":4,"12":6,"13":4,"14":6,"15":4,"16":2,"17":4,"18":1,"19":4,"20":6,"21":1,"22":3},"f":{"0":4,"1":6,"2":6,"3":6,"4":6,"5":6,"6":2,"7":1,"8":6,"9":1},"b":{"0":[3,3]}}
,"C:\\Users\\THINKPAD-I5 Pro EVO\\Desktop\\Software developtment\\React\\src\\react-components\\SearchResults\\SearchResults.tsx": {"path":"C:\\Users\\THINKPAD-I5 Pro EVO\\Desktop\\Software developtment\\React\\src\\react-components\\SearchResults\\SearchResults.tsx","statementMap":{"0":{"start":{"line":1,"column":0},"end":{"line":1,"column":26}},"1":{"start":{"line":2,"column":0},"end":{"line":2,"column":34}},"2":{"start":{"line":3,"column":0},"end":{"line":3,"column":53}},"3":{"start":{"line":4,"column":0},"end":{"line":4,"column":73}},"4":{"start":{"line":5,"column":0},"end":{"line":5,"column":69}},"5":{"start":{"line":6,"column":0},"end":{"line":6,"column":32}},"6":{"start":{"line":7,"column":0},"end":{"line":7,"column":29}},"7":{"start":{"line":10,"column":19},"end":{"line":10,"column":35}},"8":{"start":{"line":11,"column":19},"end":{"line":11,"column":32}},"9":{"start":{"line":12,"column":24},"end":{"line":12,"column":79}},"10":{"start":{"line":12,"column":50},"end":{"line":12,"column":78}},"11":{"start":{"line":13,"column":24},"end":{"line":13,"column":79}},"12":{"start":{"line":13,"column":50},"end":{"line":13,"column":78}},"13":{"start":{"line":15,"column":2},"end":{"line":21,"column":17}},"14":{"start":{"line":16,"column":4},"end":{"line":20,"column":6}},"15":{"start":{"line":23,"column":2},"end":{"line":39,"column":4}},"16":{"start":{"line":34,"column":12},"end":{"line":34,"column":34}},"17":{"start":{"line":9,"column":0},"end":{"line":9,"column":24}}},"fnMap":{"0":{"name":"SearchResults","decl":{"start":{"line":9,"column":24},"end":{"line":9,"column":37}},"loc":{"start":{"line":9,"column":37},"end":{"line":40,"column":1}}},"1":{"name":"(anonymous_2)","decl":{"start":{"line":12,"column":39},"end":{"line":12,"column":40}},"loc":{"start":{"line":12,"column":50},"end":{"line":12,"column":78}}},"2":{"name":"(anonymous_3)","decl":{"start":{"line":13,"column":39},"end":{"line":13,"column":40}},"loc":{"start":{"line":13,"column":50},"end":{"line":13,"column":78}}},"3":{"name":"(anonymous_4)","decl":{"start":{"line":15,"column":12},"end":{"line":15,"column":15}},"loc":{"start":{"line":15,"column":17},"end":{"line":21,"column":3}}},"4":{"name":"(anonymous_5)","decl":{"start":{"line":33,"column":29},"end":{"line":33,"column":30}},"loc":{"start":{"line":34,"column":12},"end":{"line":34,"column":34}}}},"branchMap":{"0":{"loc":{"start":{"line":25,"column":7},"end":{"line":36,"column":null}},"type":"cond-expr","locations":[{"start":{"line":26,"column":8},"end":{"line":26,"column":52}},{"start":{"line":28,"column":8},"end":{"line":35,"column":null}}]},"1":{"loc":{"start":{"line":25,"column":7},"end":{"line":25,"column":46}},"type":"binary-expr","locations":[{"start":{"line":25,"column":7},"end":{"line":25,"column":21}},{"start":{"line":25,"column":25},"end":{"line":25,"column":46}}]},"2":{"loc":{"start":{"line":30,"column":39},"end":{"line":30,"column":74}},"type":"cond-expr","locations":[{"start":{"line":30,"column":55},"end":{"line":30,"column":69}},{"start":{"line":30,"column":72},"end":{"line":30,"column":74}}]}},"s":{"0":3,"1":3,"2":3,"3":3,"4":3,"5":3,"6":3,"7":7,"8":6,"9":5,"10":8,"11":5,"12":8,"13":5,"14":5,"15":5,"16":48,"17":3},"f":{"0":7,"1":8,"2":8,"3":5,"4":48},"b":{"0":[1,4],"1":[5,5],"2":[0,4]}}
,"C:\\Users\\THINKPAD-I5 Pro EVO\\Desktop\\Software developtment\\React\\src\\react-components\\SelectElement\\SelectElement.tsx": {"path":"C:\\Users\\THINKPAD-I5 Pro EVO\\Desktop\\Software developtment\\React\\src\\react-components\\SelectElement\\SelectElement.tsx","statementMap":{"0":{"start":{"line":2,"column":0},"end":{"line":2,"column":57}},"1":{"start":{"line":3,"column":0},"end":{"line":3,"column":69}},"2":{"start":{"line":4,"column":0},"end":{"line":4,"column":29}},"3":{"start":{"line":7,"column":19},"end":{"line":7,"column":35}},"4":{"start":{"line":9,"column":28},"end":{"line":12,"column":3}},"5":{"start":{"line":10,"column":4},"end":{"line":10,"column":57}},"6":{"start":{"line":11,"column":4},"end":{"line":11,"column":54}},"7":{"start":{"line":13,"column":18},"end":{"line":13,"column":30}},"8":{"start":{"line":15,"column":2},"end":{"line":29,"column":4}},"9":{"start":{"line":19,"column":8},"end":{"line":19,"column":59}},"10":{"start":{"line":24,"column":8},"end":{"line":24,"column":28}},"11":{"start":{"line":6,"column":0},"end":{"line":6,"column":24}}},"fnMap":{"0":{"name":"SelectElement","decl":{"start":{"line":6,"column":24},"end":{"line":6,"column":37}},"loc":{"start":{"line":6,"column":37},"end":{"line":30,"column":1}}},"1":{"name":"(anonymous_1)","decl":{"start":{"line":9,"column":28},"end":{"line":9,"column":29}},"loc":{"start":{"line":9,"column":44},"end":{"line":12,"column":3}}},"2":{"name":"(anonymous_2)","decl":{"start":{"line":18,"column":16},"end":{"line":18,"column":17}},"loc":{"start":{"line":19,"column":8},"end":{"line":19,"column":59}}},"3":{"name":"(anonymous_3)","decl":{"start":{"line":23,"column":19},"end":{"line":23,"column":20}},"loc":{"start":{"line":24,"column":8},"end":{"line":24,"column":28}}}},"branchMap":{},"s":{"0":3,"1":3,"2":3,"3":6,"4":6,"5":0,"6":0,"7":6,"8":6,"9":0,"10":18,"11":3},"f":{"0":6,"1":0,"2":0,"3":18},"b":{}}
}
