TN:
SF:src\App.tsx
FN:6,App
FNF:1
FNH:1
FNDA:1,App
DA:1,1
DA:2,1
DA:3,1
DA:4,1
DA:6,1
DA:7,1
LF:6
LH:6
BRF:0
BRH:0
end_of_record
TN:
SF:src\main.tsx
FNF:0
FNH:0
DA:1,0
DA:2,0
DA:3,0
DA:4,0
DA:5,0
DA:6,0
DA:7,0
DA:8,0
DA:10,0
LF:9
LH:0
BRF:0
BRH:0
end_of_record
TN:
SF:src\pages\Details\Details.tsx
FN:7,Details
FN:12,(anonymous_1)
FN:19,(anonymous_2)
FNF:3
FNH:3
FNDA:9,Details
FNDA:3,(anonymous_1)
FNDA:3,(anonymous_2)
DA:1,2
DA:2,2
DA:3,2
DA:4,2
DA:5,2
DA:7,2
DA:8,9
DA:9,9
DA:10,9
DA:12,9
DA:13,3
DA:14,3
DA:15,3
DA:16,3
DA:19,9
DA:20,3
DA:23,9
LF:17
LH:17
BRDA:25,0,0,3
BRDA:25,0,1,6
BRDA:36,1,0,6
BRDA:36,1,1,3
BRF:4
BRH:4
end_of_record
TN:
SF:src\pages\HomePage\HomePage.tsx
FN:14,HomePage
FN:28,(anonymous_8)
FN:36,(anonymous_9)
FN:59,(anonymous_10)
FN:65,(anonymous_11)
FN:70,(anonymous_12)
FN:74,(anonymous_13)
FNF:7
FNH:7
FNDA:23,HomePage
FNDA:12,(anonymous_8)
FNDA:12,(anonymous_9)
FNDA:3,(anonymous_10)
FNDA:3,(anonymous_11)
FNDA:9,(anonymous_12)
FNDA:6,(anonymous_13)
DA:1,2
DA:2,2
DA:4,2
DA:5,2
DA:6,2
DA:7,2
DA:8,2
DA:9,2
DA:10,2
DA:12,2
DA:14,2
DA:15,23
DA:18,22
DA:19,22
DA:20,22
DA:21,22
DA:22,22
DA:23,22
DA:26,22
DA:28,22
DA:29,12
DA:30,12
DA:31,12
DA:32,12
DA:33,12
DA:36,22
DA:37,12
DA:38,12
DA:39,12
DA:41,12
DA:42,0
DA:43,0
DA:49,12
DA:50,12
DA:56,12
DA:59,22
DA:60,3
DA:61,3
DA:65,22
DA:66,3
DA:67,3
DA:70,22
DA:71,9
DA:74,22
DA:75,6
DA:76,6
DA:79,22
DA:97,22
LF:48
LH:46
BRDA:16,0,0,23
BRDA:16,0,1,23
BRDA:36,1,0,0
BRDA:39,2,0,12
BRDA:39,2,1,0
BRDA:41,3,0,0
BRDA:41,3,1,12
BRDA:60,4,0,3
BRDA:101,5,0,10
BRDA:101,5,1,12
BRF:10
BRH:7
end_of_record
TN:
SF:src\pages\Page404\Page404.tsx
FN:3,Page404
FNF:1
FNH:1
FNDA:1,Page404
DA:1,1
DA:3,1
DA:4,1
LF:3
LH:3
BRF:0
BRH:0
end_of_record
TN:
SF:src\react-components\Card\Card.tsx
FN:6,Card
FNF:1
FNH:1
FNDA:98,Card
DA:1,4
DA:2,4
DA:4,4
DA:6,4
DA:7,98
LF:5
LH:5
BRF:0
BRH:0
end_of_record
TN:
SF:src\react-components\ErrorBoundary\ErrorBoundary.tsx
FN:8,(anonymous_0)
FN:13,(anonymous_1)
FN:18,(anonymous_2)
FN:24,(anonymous_3)
FNF:4
FNH:0
FNDA:0,(anonymous_0)
FNDA:0,(anonymous_1)
FNDA:0,(anonymous_2)
FNDA:0,(anonymous_3)
DA:1,0
DA:4,0
DA:9,0
DA:10,0
DA:14,0
DA:15,0
DA:19,0
DA:20,0
DA:21,0
DA:25,0
DA:26,0
DA:29,0
LF:12
LH:0
BRDA:25,0,0,0
BRF:1
BRH:0
end_of_record
TN:
SF:src\react-components\ErrorButton\ErrorButton.tsx
FN:4,ErrorButton
FN:7,(anonymous_1)
FN:13,(anonymous_2)
FNF:3
FNH:2
FNDA:20,ErrorButton
FNDA:4,(anonymous_1)
FNDA:0,(anonymous_2)
DA:1,3
DA:2,3
DA:4,3
DA:5,20
DA:7,20
DA:8,4
DA:9,0
DA:13,20
DA:14,0
DA:17,20
LF:10
LH:8
BRDA:8,0,0,0
BRF:1
BRH:0
end_of_record
TN:
SF:src\react-components\ErrorMessage\ErrorMessage.tsx
FN:3,ErrorMessage
FNF:1
FNH:1
FNDA:1,ErrorMessage
DA:1,1
DA:3,1
DA:4,1
LF:3
LH:3
BRF:0
BRH:0
end_of_record
TN:
SF:src\react-components\Header\Header.tsx
FN:8,Header
FN:11,(anonymous_2)
FN:28,(anonymous_3)
FNF:3
FNH:2
FNDA:20,Header
FNDA:1,(anonymous_2)
FNDA:0,(anonymous_3)
DA:1,3
DA:3,3
DA:4,3
DA:5,3
DA:6,3
DA:8,3
DA:9,20
DA:11,20
DA:12,1
DA:13,1
DA:14,1
DA:15,1
DA:16,1
DA:18,0
DA:19,0
DA:23,20
DA:29,0
LF:17
LH:14
BRDA:13,0,0,1
BRDA:13,0,1,0
BRF:2
BRH:1
end_of_record
TN:
SF:src\react-components\Loader\Loader.tsx
FN:1,Loader
FNF:1
FNH:1
FNDA:12,Loader
DA:1,2
DA:2,12
LF:2
LH:2
BRF:0
BRH:0
end_of_record
TN:
SF:src\react-components\Pagination\Pagination.tsx
FN:6,Pagination
FN:10,(anonymous_1)
FN:11,(anonymous_2)
FN:17,(anonymous_3)
FN:23,(anonymous_4)
FNF:5
FNH:5
FNDA:12,Pagination
FNDA:6,(anonymous_1)
FNDA:12,(anonymous_2)
FNDA:12,(anonymous_3)
FNDA:1,(anonymous_4)
DA:1,3
DA:3,3
DA:4,3
DA:6,3
DA:7,12
DA:8,12
DA:10,12
DA:11,12
DA:12,6
DA:15,12
DA:18,12
DA:23,1
LF:12
LH:12
BRDA:20,0,0,6
BRDA:20,0,1,6
BRF:2
BRH:2
end_of_record
TN:
SF:src\react-components\SearchResults\SearchResults.tsx
FN:9,SearchResults
FN:14,(anonymous_2)
FN:28,(anonymous_3)
FNF:3
FNH:3
FNDA:11,SearchResults
FNDA:8,(anonymous_2)
FNDA:96,(anonymous_3)
DA:1,3
DA:2,3
DA:3,3
DA:5,3
DA:6,3
DA:7,3
DA:9,3
DA:10,11
DA:11,9
DA:12,9
DA:14,9
DA:15,8
DA:18,9
DA:29,96
LF:14
LH:14
BRDA:20,0,0,1
BRDA:20,0,1,8
BRDA:25,1,0,0
BRDA:25,1,1,8
BRF:4
BRH:3
end_of_record
TN:
SF:src\react-components\SelectElement\SelectElement.tsx
FN:6,SelectElement
FN:13,(anonymous_1)
FN:18,(anonymous_2)
FNF:3
FNH:2
FNDA:20,SelectElement
FNDA:0,(anonymous_1)
FNDA:60,(anonymous_2)
DA:1,3
DA:3,3
DA:4,3
DA:6,3
DA:7,20
DA:8,20
DA:10,20
DA:14,0
DA:19,60
LF:9
LH:8
BRF:0
BRH:0
end_of_record
